#
# There is insufficient memory for the Java Runtime Environment to continue.
# Native memory allocation (malloc) failed to allocate 1268656 bytes for Chunk::new
# Possible reasons:
#   The system is out of physical RAM or swap space
#   In 32 bit mode, the process size limit was hit
# Possible solutions:
#   Reduce memory load on the system
#   Increase physical memory or swap space
#   Check if swap backing store is full
#   Use 64 bit Java on a 64 bit OS
#   Decrease Java heap size (-Xmx/-Xms)
#   Decrease number of Java threads
#   Decrease Java thread stack sizes (-Xss)
#   Set larger code cache with -XX:ReservedCodeCacheSize=
# This output file may be truncated or incomplete.
#
#  Out of Memory Error (allocation.cpp:390), pid=13072, tid=0x0000000000003cec
#
# JRE version: OpenJDK Runtime Environment (8.0_152-b01) (build 1.8.0_152-release-1343-b01)
# Java VM: OpenJDK 64-Bit Server VM (25.152-b01 mixed mode windows-amd64 compressed oops)
# Failed to write core dump. Minidumps are not enabled by default on client versions of Windows
#

---------------  T H R E A D  ---------------

Current thread (0x0000000018cc8000):  JavaThread "C2 CompilerThread2" daemon [_thread_in_native, id=15596, stack(0x0000000019530000,0x0000000019630000)]

Stack: [0x0000000019530000,0x0000000019630000]
[error occurred during error reporting (printing stack bounds), id 0xc0000005]

Native frames: (J=compiled Java code, j=interpreted, Vv=VM code, C=native code)


Current CompileTask:
C2:3921667 21974       4       com.android.tools.r8.ir.code.Phi::removeTrivialPhi (353 bytes)


---------------  P R O C E S S  ---------------

Java Threads: ( => current thread )
  0x000000001c789800 JavaThread "Cache worker for Java compile cache (D:\Onedrive\TEMP-C\SmartAgriculture\.gradle\5.1.1\javaCompile)" [_thread_blocked, id=820, stack(0x000000003a370000,0x000000003a470000)]
  0x000000001c784000 JavaThread "Cache worker for Java compile cache (C:\Users\xsj321\.gradle\caches\5.1.1\javaCompile)" [_thread_blocked, id=14312, stack(0x000000003a270000,0x000000003a370000)]
  0x000000001ad59000 JavaThread "stdout" daemon [_thread_in_native, id=18988, stack(0x000000003a170000,0x000000003a270000)]
  0x000000001ad5d000 JavaThread "stderr" daemon [_thread_in_native, id=11332, stack(0x000000003a070000,0x000000003a170000)]
  0x000000001ad5f000 JavaThread "stdout" daemon [_thread_in_native, id=8864, stack(0x0000000039f70000,0x000000003a070000)]
  0x0000000020946000 JavaThread "stderr" daemon [_thread_in_native, id=6980, stack(0x0000000039e70000,0x0000000039f70000)]
  0x0000000020945800 JavaThread "stdout" daemon [_thread_in_native, id=3088, stack(0x0000000039d70000,0x0000000039e70000)]
  0x0000000020944800 JavaThread "stderr" daemon [_thread_in_native, id=9096, stack(0x0000000039c70000,0x0000000039d70000)]
  0x0000000020947000 JavaThread "stdout" daemon [_thread_in_native, id=5548, stack(0x0000000039b70000,0x0000000039c70000)]
  0x000000002093c800 JavaThread "stderr" daemon [_thread_in_native, id=14180, stack(0x0000000039a70000,0x0000000039b70000)]
  0x0000000020943000 JavaThread "stdout" daemon [_thread_in_native, id=10368, stack(0x0000000039970000,0x0000000039a70000)]
  0x000000002093b800 JavaThread "stderr" daemon [_thread_in_native, id=14632, stack(0x0000000039870000,0x0000000039970000)]
  0x0000000020942800 JavaThread "stdout" daemon [_thread_in_native, id=9812, stack(0x0000000039770000,0x0000000039870000)]
  0x000000002093e000 JavaThread "stderr" daemon [_thread_in_native, id=12320, stack(0x0000000039670000,0x0000000039770000)]
  0x000000002093b000 JavaThread "stdout" daemon [_thread_in_native, id=14480, stack(0x0000000039570000,0x0000000039670000)]
  0x000000002093d000 JavaThread "stderr" daemon [_thread_in_native, id=5220, stack(0x0000000039470000,0x0000000039570000)]
  0x0000000020940000 JavaThread "ForkJoinPool.commonPool-worker-7" daemon [_thread_blocked, id=16720, stack(0x0000000039370000,0x0000000039470000)]
  0x0000000020939800 JavaThread "ForkJoinPool.commonPool-worker-5" daemon [_thread_blocked, id=1652, stack(0x0000000039170000,0x0000000039270000)]
  0x0000000020938800 JavaThread "ForkJoinPool.commonPool-worker-3" daemon [_thread_blocked, id=6148, stack(0x0000000038f70000,0x0000000039070000)]
  0x000000001cf7a000 JavaThread "pool-25-thread-1" [_thread_blocked, id=19520, stack(0x0000000038e70000,0x0000000038f70000)]
  0x000000001cf76800 JavaThread "ForkJoinPool.commonPool-worker-1" daemon [_thread_blocked, id=1992, stack(0x0000000038c70000,0x0000000038d70000)]
  0x000000001cf6f000 JavaThread "Cache worker for execution history cache (D:\Onedrive\TEMP-C\SmartAgriculture\.gradle\5.1.1\executionHistory)" [_thread_blocked, id=4832, stack(0x0000000038b70000,0x0000000038c70000)]
  0x000000001cf75800 JavaThread "Execution worker for ':' Thread 7" [_thread_blocked, id=18860, stack(0x0000000038a70000,0x0000000038b70000)]
  0x000000001cf75000 JavaThread "Execution worker for ':' Thread 6" [_thread_blocked, id=9392, stack(0x0000000038970000,0x0000000038a70000)]
  0x000000001cf6d800 JavaThread "Execution worker for ':' Thread 5" [_thread_blocked, id=2328, stack(0x0000000038870000,0x0000000038970000)]
  0x000000001cf74000 JavaThread "Execution worker for ':' Thread 4" [_thread_blocked, id=4536, stack(0x0000000038770000,0x0000000038870000)]
  0x000000001cf6c800 JavaThread "Execution worker for ':' Thread 3" [_thread_blocked, id=6596, stack(0x0000000038670000,0x0000000038770000)]
  0x000000001cf73800 JavaThread "Execution worker for ':' Thread 2" [_thread_blocked, id=7244, stack(0x0000000038570000,0x0000000038670000)]
  0x000000001cf6c000 JavaThread "Execution worker for ':'" [_thread_in_Java, id=16568, stack(0x0000000038470000,0x0000000038570000)]
  0x000000001cf71000 JavaThread "Cache worker for file content cache (D:\Onedrive\TEMP-C\SmartAgriculture\.gradle\5.1.1\fileContent)" [_thread_blocked, id=3484, stack(0x0000000038370000,0x0000000038470000)]
  0x000000001cf72800 JavaThread "Cache worker for Build Output Cleanup Cache (D:\Onedrive\TEMP-C\SmartAgriculture\.gradle\buildOutputCleanup)" [_thread_blocked, id=8036, stack(0x0000000038270000,0x0000000038370000)]
  0x000000001cf6b000 JavaThread "pool-24-thread-1" [_thread_blocked, id=9976, stack(0x0000000038170000,0x0000000038270000)]
  0x000000001cf70800 JavaThread "Build operations Thread 8" [_thread_blocked, id=16876, stack(0x0000000038070000,0x0000000038170000)]
  0x0000000019d18800 JavaThread "Build operations Thread 7" [_thread_blocked, id=15420, stack(0x0000000037f70000,0x0000000038070000)]
  0x0000000019d19800 JavaThread "Build operations Thread 6" [_thread_blocked, id=4528, stack(0x0000000037e70000,0x0000000037f70000)]
  0x0000000019d1b800 JavaThread "Build operations Thread 5" [_thread_blocked, id=7864, stack(0x0000000037d70000,0x0000000037e70000)]
  0x0000000019d18000 JavaThread "Build operations Thread 4" [_thread_blocked, id=13800, stack(0x0000000037c70000,0x0000000037d70000)]
  0x0000000019d14000 JavaThread "Build operations Thread 3" [_thread_blocked, id=9584, stack(0x0000000037b70000,0x0000000037c70000)]
  0x0000000019d17000 JavaThread "Build operations Thread 2" [_thread_blocked, id=7496, stack(0x0000000037a70000,0x0000000037b70000)]
  0x0000000019d1b000 JavaThread "Build operations" [_thread_blocked, id=10752, stack(0x0000000037970000,0x0000000037a70000)]
  0x0000000019d1a000 JavaThread "Cache worker for cache directory md-rule (C:\Users\xsj321\.gradle\caches\5.1.1\md-rule)" [_thread_blocked, id=19692, stack(0x0000000037870000,0x0000000037970000)]
  0x0000000019d15800 JavaThread "Cache worker for cache directory md-supplier (C:\Users\xsj321\.gradle\caches\5.1.1\md-supplier)" [_thread_blocked, id=15948, stack(0x0000000037770000,0x0000000037870000)]
  0x0000000019d15000 JavaThread "Cache worker for file hash cache (D:\Onedrive\TEMP-C\SmartAgriculture\.gradle\5.1.1\fileHashes)" [_thread_blocked, id=12000, stack(0x0000000037670000,0x0000000037770000)]
  0x0000000019d0c800 JavaThread "Thread-249" [_thread_blocked, id=16680, stack(0x0000000037570000,0x0000000037670000)]
  0x0000000019d13000 JavaThread "Stdin handler" [_thread_blocked, id=3692, stack(0x0000000037470000,0x0000000037570000)]
  0x0000000019d0d000 JavaThread "Asynchronous log dispatcher for DefaultDaemonConnection: socket connection from /127.0.0.1:56836 to /127.0.0.1:58089" [_thread_blocked, id=17540, stack(0x0000000037370000,0x0000000037470000)]
  0x0000000019d10000 JavaThread "Daemon worker Thread 7" [_thread_blocked, id=19300, stack(0x0000000037270000,0x0000000037370000)]
  0x0000000019d12800 JavaThread "Cancel handler" [_thread_blocked, id=18352, stack(0x0000000037170000,0x0000000037270000)]
  0x0000000019d11800 JavaThread "Handler for socket connection from /127.0.0.1:56836 to /127.0.0.1:58089" [_thread_in_native, id=18764, stack(0x0000000037070000,0x0000000037170000)]
  0x0000000019d0f800 JavaThread "Daemon Thread 7" [_thread_blocked, id=4812, stack(0x0000000036f70000,0x0000000037070000)]
  0x0000000020938000 JavaThread "Cache worker for file content cache (C:\Users\xsj321\.gradle\caches\5.1.1\fileContent)" [_thread_blocked, id=19124, stack(0x0000000027b70000,0x0000000027c70000)]
  0x000000001cf78000 JavaThread "Memory manager" [_thread_blocked, id=5400, stack(0x0000000024860000,0x0000000024960000)]
  0x000000001ad60000 JavaThread "Cache worker for execution history cache (C:\Users\xsj321\.gradle\caches\5.1.1\executionHistory)" [_thread_blocked, id=3564, stack(0x00000000213f0000,0x00000000214f0000)]
  0x000000001ad5d800 JavaThread "Cache worker for journal cache (C:\Users\xsj321\.gradle\caches\journal-1)" [_thread_blocked, id=18580, stack(0x000000001c1b0000,0x000000001c2b0000)]
  0x000000001acea000 JavaThread "File lock request listener" [_thread_in_native, id=18068, stack(0x000000001c0b0000,0x000000001c1b0000)]
  0x000000001ace9000 JavaThread "Cache worker for file hash cache (C:\Users\xsj321\.gradle\caches\5.1.1\fileHashes)" [_thread_blocked, id=18088, stack(0x000000001bfb0000,0x000000001c0b0000)]
  0x000000001a8f4000 JavaThread "Daemon periodic checks" [_thread_blocked, id=6276, stack(0x000000001b4b0000,0x000000001b5b0000)]
  0x000000001a91f000 JavaThread "Incoming local TCP Connector on port 56836" [_thread_in_native, id=16816, stack(0x000000001b300000,0x000000001b400000)]
  0x0000000018d54000 JavaThread "Service Thread" daemon [_thread_blocked, id=15284, stack(0x0000000019730000,0x0000000019830000)]
  0x0000000018ccc000 JavaThread "C1 CompilerThread3" daemon [_thread_blocked, id=10456, stack(0x0000000019630000,0x0000000019730000)]
=>0x0000000018cc8000 JavaThread "C2 CompilerThread2" daemon [_thread_in_native, id=15596, stack(0x0000000019530000,0x0000000019630000)]
  0x0000000018cc6800 JavaThread "C2 CompilerThread1" daemon [_thread_in_native, id=4252, stack(0x0000000019430000,0x0000000019530000)]
  0x0000000018cbf800 JavaThread "C2 CompilerThread0" daemon [_thread_in_native, id=6920, stack(0x0000000019330000,0x0000000019430000)]
  0x0000000018cbb800 JavaThread "Attach Listener" daemon [_thread_blocked, id=14380, stack(0x0000000019230000,0x0000000019330000)]
  0x0000000018c6c000 JavaThread "Signal Dispatcher" daemon [_thread_blocked, id=3004, stack(0x0000000019130000,0x0000000019230000)]
  0x0000000018c50800 JavaThread "Finalizer" daemon [_thread_blocked, id=7052, stack(0x0000000019030000,0x0000000019130000)]
  0x0000000016d4c800 JavaThread "Reference Handler" daemon [_thread_blocked, id=18032, stack(0x0000000018b30000,0x0000000018c30000)]
  0x0000000002e92800 JavaThread "main" [_thread_blocked, id=2756, stack(0x00000000029c0000,0x0000000002ac0000)]

Other Threads:
  0x0000000016d46000 VMThread [stack: 0x0000000018a30000,0x0000000018b30000] [id=19524]
  0x0000000018d57000 WatcherThread [stack: 0x0000000019830000,0x0000000019930000] [id=15184]

VM state:not at safepoint (normal execution)

VM Mutex/Monitor currently owned by a thread: None

Heap:
 PSYoungGen      total 197120K, used 62449K [0x00000000e0000000, 0x00000000ee580000, 0x0000000100000000)
  eden space 160256K, 37% used [0x00000000e0000000,0x00000000e3abbf98,0x00000000e9c80000)
  from space 36864K, 6% used [0x00000000ec180000,0x00000000ec3c0790,0x00000000ee580000)
  to   space 37376K, 0% used [0x00000000e9c80000,0x00000000e9c80000,0x00000000ec100000)
 ParOldGen       total 416256K, used 48739K [0x00000000a0000000, 0x00000000b9680000, 0x00000000e0000000)
  object space 416256K, 11% used [0x00000000a0000000,0x00000000a2f98de8,0x00000000b9680000)
 Metaspace       used 94498K, capacity 98722K, committed 99736K, reserved 1136640K
  class space    used 11783K, capacity 12543K, committed 12712K, reserved 1048576K

Card table byte_map: [0x0000000012350000,0x0000000012660000] byte_map_base: 0x0000000011e50000

Marking Bits: (ParMarkBitMap*) 0x0000000063845aa0
 Begin Bits: [0x0000000013060000, 0x0000000014860000)
 End Bits:   [0x0000000014860000, 0x0000000016060000)

Polling page: 0x0000000000ba0000

CodeCache: size=245760Kb used=59733Kb max_used=60433Kb free=186026Kb
 bounds [0x0000000002f90000, 0x0000000006b30000, 0x0000000011f90000]
 total_blobs=18975 nmethods=18084 adapters=801
 compilation: enabled

Compilation events (10 events):
Event: 3921.604 Thread 0x0000000018ccc000 22182       2       com.android.tools.r8.ir.optimize.CodeRewriter::checkArgumentType (70 bytes)
Event: 3921.605 Thread 0x0000000018ccc000 nmethod 22182 0x00000000055fad50 code [0x00000000055faf00, 0x00000000055fb248]
Event: 3921.605 Thread 0x0000000018ccc000 22183       2       com.android.tools.r8.ir.optimize.CodeRewriter::getArgumentType (53 bytes)
Event: 3921.605 Thread 0x0000000018ccc000 nmethod 22183 0x00000000055fa610 code [0x00000000055fa7a0, 0x00000000055fa9e8]
Event: 3921.606 Thread 0x0000000018ccc000 22184       2       com.android.tools.r8.ir.code.Throw::buildDex (25 bytes)
Event: 3921.606 Thread 0x0000000018ccc000 nmethod 22184 0x0000000006031590 code [0x0000000006031720, 0x00000000060319f8]
Event: 3921.606 Thread 0x0000000018ccc000 22185       2       com.android.tools.r8.ir.code.Throw::exception (14 bytes)
Event: 3921.606 Thread 0x0000000018ccc000 nmethod 22185 0x00000000060311d0 code [0x0000000006031340, 0x00000000060314e8]
Event: 3921.610 Thread 0x0000000018ccc000 22186       2       com.android.tools.r8.ir.optimize.CodeRewriter$Interval::<init> (97 bytes)
Event: 3921.611 Thread 0x0000000018ccc000 nmethod 22186 0x0000000006030c10 code [0x0000000006030d80, 0x0000000006031038]

GC Heap History (10 events):
Event: 3918.326 GC heap before
{Heap before GC invocations=32 (full 4):
 PSYoungGen      total 171008K, used 133632K [0x00000000e0000000, 0x00000000ed200000, 0x0000000100000000)
  eden space 133632K, 100% used [0x00000000e0000000,0x00000000e8280000,0x00000000e8280000)
  from space 37376K, 0% used [0x00000000e8280000,0x00000000e8280000,0x00000000ea700000)
  to   space 36352K, 0% used [0x00000000eae80000,0x00000000eae80000,0x00000000ed200000)
 ParOldGen       total 416256K, used 48723K [0x00000000a0000000, 0x00000000b9680000, 0x00000000e0000000)
  object space 416256K, 11% used [0x00000000a0000000,0x00000000a2f94de8,0x00000000b9680000)
 Metaspace       used 94308K, capacity 98532K, committed 99480K, reserved 1136640K
  class space    used 11777K, capacity 12506K, committed 12712K, reserved 1048576K
Event: 3918.335 GC heap after
Heap after GC invocations=32 (full 4):
 PSYoungGen      total 178176K, used 9493K [0x00000000e0000000, 0x00000000ed400000, 0x0000000100000000)
  eden space 141824K, 0% used [0x00000000e0000000,0x00000000e0000000,0x00000000e8a80000)
  from space 36352K, 26% used [0x00000000eae80000,0x00000000eb7c54a0,0x00000000ed200000)
  to   space 36864K, 0% used [0x00000000e8a80000,0x00000000e8a80000,0x00000000eae80000)
 ParOldGen       total 416256K, used 48731K [0x00000000a0000000, 0x00000000b9680000, 0x00000000e0000000)
  object space 416256K, 11% used [0x00000000a0000000,0x00000000a2f96de8,0x00000000b9680000)
 Metaspace       used 94308K, capacity 98532K, committed 99480K, reserved 1136640K
  class space    used 11777K, capacity 12506K, committed 12712K, reserved 1048576K
}
Event: 3919.041 GC heap before
{Heap before GC invocations=33 (full 4):
 PSYoungGen      total 178176K, used 151317K [0x00000000e0000000, 0x00000000ed400000, 0x0000000100000000)
  eden space 141824K, 100% used [0x00000000e0000000,0x00000000e8a80000,0x00000000e8a80000)
  from space 36352K, 26% used [0x00000000eae80000,0x00000000eb7c54a0,0x00000000ed200000)
  to   space 36864K, 0% used [0x00000000e8a80000,0x00000000e8a80000,0x00000000eae80000)
 ParOldGen       total 416256K, used 48731K [0x00000000a0000000, 0x00000000b9680000, 0x00000000e0000000)
  object space 416256K, 11% used [0x00000000a0000000,0x00000000a2f96de8,0x00000000b9680000)
 Metaspace       used 94344K, capacity 98602K, committed 99480K, reserved 1136640K
  class space    used 11778K, capacity 12507K, committed 12712K, reserved 1048576K
Event: 3919.048 GC heap after
Heap after GC invocations=33 (full 4):
 PSYoungGen      total 178688K, used 8903K [0x00000000e0000000, 0x00000000edd80000, 0x0000000100000000)
  eden space 141824K, 0% used [0x00000000e0000000,0x00000000e0000000,0x00000000e8a80000)
  from space 36864K, 24% used [0x00000000e8a80000,0x00000000e9331e00,0x00000000eae80000)
  to   space 37376K, 0% used [0x00000000eb900000,0x00000000eb900000,0x00000000edd80000)
 ParOldGen       total 416256K, used 48731K [0x00000000a0000000, 0x00000000b9680000, 0x00000000e0000000)
  object space 416256K, 11% used [0x00000000a0000000,0x00000000a2f96de8,0x00000000b9680000)
 Metaspace       used 94344K, capacity 98602K, committed 99480K, reserved 1136640K
  class space    used 11778K, capacity 12507K, committed 12712K, reserved 1048576K
}
Event: 3919.690 GC heap before
{Heap before GC invocations=34 (full 4):
 PSYoungGen      total 178688K, used 150727K [0x00000000e0000000, 0x00000000edd80000, 0x0000000100000000)
  eden space 141824K, 100% used [0x00000000e0000000,0x00000000e8a80000,0x00000000e8a80000)
  from space 36864K, 24% used [0x00000000e8a80000,0x00000000e9331e00,0x00000000eae80000)
  to   space 37376K, 0% used [0x00000000eb900000,0x00000000eb900000,0x00000000edd80000)
 ParOldGen       total 416256K, used 48731K [0x00000000a0000000, 0x00000000b9680000, 0x00000000e0000000)
  object space 416256K, 11% used [0x00000000a0000000,0x00000000a2f96de8,0x00000000b9680000)
 Metaspace       used 94372K, capacity 98614K, committed 99480K, reserved 1136640K
  class space    used 11781K, capacity 12511K, committed 12712K, reserved 1048576K
Event: 3919.695 GC heap after
Heap after GC invocations=34 (full 4):
 PSYoungGen      total 188416K, used 7780K [0x00000000e0000000, 0x00000000edd00000, 0x0000000100000000)
  eden space 151552K, 0% used [0x00000000e0000000,0x00000000e0000000,0x00000000e9400000)
  from space 36864K, 21% used [0x00000000eb900000,0x00000000ec099290,0x00000000edd00000)
  to   space 37376K, 0% used [0x00000000e9400000,0x00000000e9400000,0x00000000eb880000)
 ParOldGen       total 416256K, used 48731K [0x00000000a0000000, 0x00000000b9680000, 0x00000000e0000000)
  object space 416256K, 11% used [0x00000000a0000000,0x00000000a2f96de8,0x00000000b9680000)
 Metaspace       used 94372K, capacity 98614K, committed 99480K, reserved 1136640K
  class space    used 11781K, capacity 12511K, committed 12712K, reserved 1048576K
}
Event: 3920.397 GC heap before
{Heap before GC invocations=35 (full 4):
 PSYoungGen      total 188416K, used 159332K [0x00000000e0000000, 0x00000000edd00000, 0x0000000100000000)
  eden space 151552K, 100% used [0x00000000e0000000,0x00000000e9400000,0x00000000e9400000)
  from space 36864K, 21% used [0x00000000eb900000,0x00000000ec099290,0x00000000edd00000)
  to   space 37376K, 0% used [0x00000000e9400000,0x00000000e9400000,0x00000000eb880000)
 ParOldGen       total 416256K, used 48731K [0x00000000a0000000, 0x00000000b9680000, 0x00000000e0000000)
  object space 416256K, 11% used [0x00000000a0000000,0x00000000a2f96de8,0x00000000b9680000)
 Metaspace       used 94405K, capacity 98614K, committed 99480K, reserved 1136640K
  class space    used 11781K, capacity 12511K, committed 12712K, reserved 1048576K
Event: 3920.403 GC heap after
Heap after GC invocations=35 (full 4):
 PSYoungGen      total 188928K, used 8312K [0x00000000e0000000, 0x00000000ee580000, 0x0000000100000000)
  eden space 151552K, 0% used [0x00000000e0000000,0x00000000e0000000,0x00000000e9400000)
  from space 37376K, 22% used [0x00000000e9400000,0x00000000e9c1e000,0x00000000eb880000)
  to   space 36864K, 0% used [0x00000000ec180000,0x00000000ec180000,0x00000000ee580000)
 ParOldGen       total 416256K, used 48731K [0x00000000a0000000, 0x00000000b9680000, 0x00000000e0000000)
  object space 416256K, 11% used [0x00000000a0000000,0x00000000a2f96de8,0x00000000b9680000)
 Metaspace       used 94405K, capacity 98614K, committed 99480K, reserved 1136640K
  class space    used 11781K, capacity 12511K, committed 12712K, reserved 1048576K
}
Event: 3921.333 GC heap before
{Heap before GC invocations=36 (full 4):
 PSYoungGen      total 188928K, used 159864K [0x00000000e0000000, 0x00000000ee580000, 0x0000000100000000)
  eden space 151552K, 100% used [0x00000000e0000000,0x00000000e9400000,0x00000000e9400000)
  from space 37376K, 22% used [0x00000000e9400000,0x00000000e9c1e000,0x00000000eb880000)
  to   space 36864K, 0% used [0x00000000ec180000,0x00000000ec180000,0x00000000ee580000)
 ParOldGen       total 416256K, used 48731K [0x00000000a0000000, 0x00000000b9680000, 0x00000000e0000000)
  object space 416256K, 11% used [0x00000000a0000000,0x00000000a2f96de8,0x00000000b9680000)
 Metaspace       used 94488K, capacity 98718K, committed 99736K, reserved 1136640K
  class space    used 11783K, capacity 12543K, committed 12712K, reserved 1048576K
Event: 3921.337 GC heap after
Heap after GC invocations=36 (full 4):
 PSYoungGen      total 197120K, used 2305K [0x00000000e0000000, 0x00000000ee580000, 0x0000000100000000)
  eden space 160256K, 0% used [0x00000000e0000000,0x00000000e0000000,0x00000000e9c80000)
  from space 36864K, 6% used [0x00000000ec180000,0x00000000ec3c0790,0x00000000ee580000)
  to   space 37376K, 0% used [0x00000000e9c80000,0x00000000e9c80000,0x00000000ec100000)
 ParOldGen       total 416256K, used 48739K [0x00000000a0000000, 0x00000000b9680000, 0x00000000e0000000)
  object space 416256K, 11% used [0x00000000a0000000,0x00000000a2f98de8,0x00000000b9680000)
 Metaspace       used 94488K, capacity 98718K, committed 99736K, reserved 1136640K
  class space    used 11783K, capacity 12543K, committed 12712K, reserved 1048576K
}

Deoptimization events (10 events):
Event: 3921.094 Thread 0x000000001cf6c000 Uncommon trap: reason=array_check action=maybe_recompile pc=0x0000000006819bfc method=java.util.TimSort.binarySort([Ljava/lang/Object;IIILjava/util/Comparator;)V @ 215
Event: 3921.117 Thread 0x000000001cf6c000 Uncommon trap: reason=unstable_if action=reinterpret pc=0x000000000377f7fc method=com.android.tools.r8.graph.DexString.slowCompareTo(Lcom/android/tools/r8/graph/DexString;)I @ 136
Event: 3921.249 Thread 0x000000001cf6c000 Uncommon trap: reason=class_check action=maybe_recompile pc=0x0000000004f983e8 method=java.util.Spliterators$1Adapter.hasNext()Z @ 12
Event: 3921.249 Thread 0x000000001cf6c000 Uncommon trap: reason=bimorphic action=maybe_recompile pc=0x0000000004decf1c method=java.util.Spliterators$IteratorSpliterator.tryAdvance(Ljava/util/function/Consumer;)Z @ 68
Event: 3921.249 Thread 0x000000001cf6c000 Uncommon trap: reason=class_check action=maybe_recompile pc=0x0000000004f983e8 method=java.util.Spliterators$1Adapter.hasNext()Z @ 12
Event: 3921.256 Thread 0x000000001ad5d800 Uncommon trap: reason=bimorphic action=maybe_recompile pc=0x0000000005b8813c method=org.gradle.cache.internal.btree.FileBackedBlockStore$BlockImpl.write()V @ 29
Event: 3921.257 Thread 0x000000001ad5d800 Uncommon trap: reason=bimorphic action=maybe_recompile pc=0x0000000005b8012c method=org.gradle.cache.internal.btree.FileBackedBlockStore$BlockImpl.write()V @ 29
Event: 3921.258 Thread 0x000000001cf6c000 Uncommon trap: reason=bimorphic action=maybe_recompile pc=0x0000000004decf1c method=java.util.Spliterators$IteratorSpliterator.tryAdvance(Ljava/util/function/Consumer;)Z @ 68
Event: 3921.315 Thread 0x000000001cf6c000 Uncommon trap: reason=bimorphic action=maybe_recompile pc=0x0000000004decf1c method=java.util.Spliterators$IteratorSpliterator.tryAdvance(Ljava/util/function/Consumer;)Z @ 68
Event: 3921.477 Thread 0x000000001cf6c000 Uncommon trap: reason=unstable_if action=reinterpret pc=0x00000000069af688 method=com.android.tools.r8.it.unimi.dsi.fastutil.ints.Int2ReferenceOpenHashMap$MapEntrySet.contains(Ljava/lang/Object;)Z @ 184

Classes redefined (0 events):
No events

Internal exceptions (10 events):
Event: 3912.869 Thread 0x0000000019d0c800 Exception <a 'java/lang/NoSuchMethodError': <clinit>> (0x00000000e61f9388) thrown at [D:\src\AOSP-openjdk-cygwin\jdk8u\hotspot\src\share\vm\prims\jni.cpp, line 1613]
Event: 3912.959 Thread 0x000000001cf6c000 Exception <a 'java/lang/NoSuchMethodError': java.lang.Object.lambda$static$0(Ljava/lang/String;)Z> (0x00000000e6903d50) thrown at [D:\src\AOSP-openjdk-cygwin\jdk8u\hotspot\src\share\vm\interpreter\linkResolver.cpp, line 584]
Event: 3912.960 Thread 0x000000001cf6c000 Exception <a 'java/lang/NoSuchMethodError': java.lang.Object.lambda$and$0(Ljava/util/function/Predicate;Ljava/lang/Object;)Z> (0x00000000e6906e38) thrown at [D:\src\AOSP-openjdk-cygwin\jdk8u\hotspot\src\share\vm\interpreter\linkResolver.cpp, line 584]
Event: 3913.014 Thread 0x000000001cf6c000 Exception <a 'sun/nio/fs/WindowsException'> (0x00000000e7256358) thrown at [D:\src\AOSP-openjdk-cygwin\jdk8u\hotspot\src\share\vm\prims\jni.cpp, line 709]
Event: 3917.581 Thread 0x000000001cf6c000 Exception <a 'sun/nio/fs/WindowsException'> (0x00000000e207b850) thrown at [D:\src\AOSP-openjdk-cygwin\jdk8u\hotspot\src\share\vm\prims\jni.cpp, line 709]
Event: 3917.884 Thread 0x000000001cf6c000 Exception <a 'sun/nio/fs/WindowsException'> (0x00000000e2b59928) thrown at [D:\src\AOSP-openjdk-cygwin\jdk8u\hotspot\src\share\vm\prims\jni.cpp, line 709]
Event: 3921.244 Thread 0x000000001cf6c000 Exception <a 'sun/nio/fs/WindowsException'> (0x00000000e8359df8) thrown at [D:\src\AOSP-openjdk-cygwin\jdk8u\hotspot\src\share\vm\prims\jni.cpp, line 709]
Event: 3921.268 Thread 0x000000001cf6c000 Exception <a 'sun/nio/fs/WindowsException'> (0x00000000e8428718) thrown at [D:\src\AOSP-openjdk-cygwin\jdk8u\hotspot\src\share\vm\prims\jni.cpp, line 709]
Event: 3921.312 Thread 0x000000001cf6c000 Exception <a 'sun/nio/fs/WindowsException'> (0x00000000e8ea5658) thrown at [D:\src\AOSP-openjdk-cygwin\jdk8u\hotspot\src\share\vm\prims\jni.cpp, line 709]
Event: 3921.329 Thread 0x000000001cf6c000 Exception <a 'sun/nio/fs/WindowsException'> (0x00000000e9121f58) thrown at [D:\src\AOSP-openjdk-cygwin\jdk8u\hotspot\src\share\vm\prims\jni.cpp, line 709]

Events (10 events):
Event: 3921.477 Thread 0x000000001cf6c000 DEOPT PACKING pc=0x00000000069af688 sp=0x0000000038569ea0
Event: 3921.477 Thread 0x000000001cf6c000 DEOPT UNPACKING pc=0x0000000002fd557b sp=0x0000000038569e18 mode 2
Event: 3921.516 Thread 0x000000001cf6c000 DEOPT PACKING pc=0x0000000004d058aa sp=0x0000000038569b50
Event: 3921.516 Thread 0x000000001cf6c000 DEOPT UNPACKING pc=0x0000000002fd75d0 sp=0x00000000385698d8 mode 0
Event: 3921.520 Thread 0x000000001cf6c000 DEOPT PACKING pc=0x0000000006514f90 sp=0x0000000038569ff0
Event: 3921.520 Thread 0x000000001cf6c000 DEOPT UNPACKING pc=0x0000000002fd75d0 sp=0x0000000038569eb8 mode 0
Event: 3921.558 Thread 0x000000001cf6c000 DEOPT PACKING pc=0x0000000004d058aa sp=0x0000000038569a60
Event: 3921.558 Thread 0x000000001cf6c000 DEOPT UNPACKING pc=0x0000000002fd75d0 sp=0x00000000385697e8 mode 0
Event: 3921.565 Thread 0x000000001cf6c000 DEOPT PACKING pc=0x0000000006514dac sp=0x0000000038569ff0
Event: 3921.565 Thread 0x000000001cf6c000 DEOPT UNPACKING pc=0x0000000002fd75d0 sp=0x0000000038569eb8 mode 0


Dynamic libraries:
0x00007ff79dc90000 - 0x00007ff79dcc1000 	D:\Program Files\Android\Android Studio\jre\bin\java.exe
0x00007fff7bfb0000 - 0x00007fff7c19d000 	C:\WINDOWS\SYSTEM32\ntdll.dll
0x00007fff7b860000 - 0x00007fff7b913000 	C:\WINDOWS\System32\KERNEL32.DLL
0x00007fff789d0000 - 0x00007fff78c63000 	C:\WINDOWS\System32\KERNELBASE.dll
0x00007fff7bbc0000 - 0x00007fff7bc63000 	C:\WINDOWS\System32\ADVAPI32.dll
0x00007fff79970000 - 0x00007fff79a0e000 	C:\WINDOWS\System32\msvcrt.dll
0x00007fff79a20000 - 0x00007fff79abe000 	C:\WINDOWS\System32\sechost.dll
0x00007fff791e0000 - 0x00007fff79302000 	C:\WINDOWS\System32\RPCRT4.dll
0x00007fff7a030000 - 0x00007fff7a1c7000 	C:\WINDOWS\System32\USER32.dll
0x00007fff78260000 - 0x00007fff78280000 	C:\WINDOWS\System32\win32u.dll
0x00007fff7be40000 - 0x00007fff7be69000 	C:\WINDOWS\System32\GDI32.dll
0x00007fff78f50000 - 0x00007fff790ea000 	C:\WINDOWS\System32\gdi32full.dll
0x00007fff79140000 - 0x00007fff791e0000 	C:\WINDOWS\System32\msvcp_win.dll
0x00007fff78080000 - 0x00007fff7817a000 	C:\WINDOWS\System32\ucrtbase.dll
0x00007fff6dda0000 - 0x00007fff6e019000 	C:\WINDOWS\WinSxS\amd64_microsoft.windows.common-controls_6595b64144ccf1df_6.0.17763.503_none_05b23ef40721f4ae\COMCTL32.dll
0x00007fff79310000 - 0x00007fff7963c000 	C:\WINDOWS\System32\combase.dll
0x00007fff781e0000 - 0x00007fff7825e000 	C:\WINDOWS\System32\bcryptPrimitives.dll
0x00007fff796b0000 - 0x00007fff796de000 	C:\WINDOWS\System32\IMM32.DLL
0x0000000062e90000 - 0x0000000062f62000 	D:\Program Files\Android\Android Studio\jre\jre\bin\msvcr100.dll
0x0000000063080000 - 0x00000000638c1000 	D:\Program Files\Android\Android Studio\jre\jre\bin\server\jvm.dll
0x00007fff79a10000 - 0x00007fff79a18000 	C:\WINDOWS\System32\PSAPI.DLL
0x00007fff67bc0000 - 0x00007fff67bc9000 	C:\WINDOWS\SYSTEM32\WSOCK32.dll
0x00007fff70910000 - 0x00007fff70934000 	C:\WINDOWS\SYSTEM32\WINMM.dll
0x00007fff72720000 - 0x00007fff7272a000 	C:\WINDOWS\SYSTEM32\VERSION.dll
0x00007fff7b7f0000 - 0x00007fff7b85d000 	C:\WINDOWS\System32\WS2_32.dll
0x00007fff708e0000 - 0x00007fff7090d000 	C:\WINDOWS\SYSTEM32\winmmbase.dll
0x00007fff790f0000 - 0x00007fff7913a000 	C:\WINDOWS\System32\cfgmgr32.dll
0x00007fff744e0000 - 0x00007fff744ef000 	D:\Program Files\Android\Android Studio\jre\jre\bin\verify.dll
0x00007fff6e7a0000 - 0x00007fff6e7c9000 	D:\Program Files\Android\Android Studio\jre\jre\bin\java.dll
0x00007fff71360000 - 0x00007fff71376000 	D:\Program Files\Android\Android Studio\jre\jre\bin\zip.dll
0x00007fff7a2a0000 - 0x00007fff7b790000 	C:\WINDOWS\System32\SHELL32.dll
0x00007fff798c0000 - 0x00007fff79968000 	C:\WINDOWS\System32\shcore.dll
0x00007fff78280000 - 0x00007fff789ca000 	C:\WINDOWS\System32\windows.storage.dll
0x00007fff77fb0000 - 0x00007fff77fd4000 	C:\WINDOWS\System32\profapi.dll
0x00007fff78000000 - 0x00007fff7805d000 	C:\WINDOWS\System32\powrprof.dll
0x00007fff79b40000 - 0x00007fff79b92000 	C:\WINDOWS\System32\shlwapi.dll
0x00007fff77fe0000 - 0x00007fff77ff1000 	C:\WINDOWS\System32\kernel.appcore.dll
0x00007fff78f00000 - 0x00007fff78f17000 	C:\WINDOWS\System32\cryptsp.dll
0x00007fff711f0000 - 0x00007fff7120a000 	D:\Program Files\Android\Android Studio\jre\jre\bin\net.dll
0x00007fff77830000 - 0x00007fff77897000 	C:\WINDOWS\system32\mswsock.dll
0x00007fff6e780000 - 0x00007fff6e791000 	D:\Program Files\Android\Android Studio\jre\jre\bin\nio.dll
0x00007fff72170000 - 0x00007fff7218e000 	C:\Users\xsj321\.gradle\native\25\windows-amd64\native-platform.dll
0x00007fff734b0000 - 0x00007fff734bd000 	D:\Program Files\Android\Android Studio\jre\jre\bin\management.dll
0x00007fff77390000 - 0x00007fff773c3000 	C:\WINDOWS\system32\rsaenh.dll
0x00007fff78f20000 - 0x00007fff78f46000 	C:\WINDOWS\System32\bcrypt.dll
0x00007fff77ee0000 - 0x00007fff77f08000 	C:\WINDOWS\SYSTEM32\USERENV.dll
0x00007fff77a00000 - 0x00007fff77a0c000 	C:\WINDOWS\SYSTEM32\CRYPTBASE.dll
0x00007fff77530000 - 0x00007fff7756d000 	C:\WINDOWS\SYSTEM32\IPHLPAPI.DLL
0x00007fff7a020000 - 0x00007fff7a028000 	C:\WINDOWS\System32\NSI.dll
0x00007fff76260000 - 0x00007fff76276000 	C:\WINDOWS\SYSTEM32\dhcpcsvc6.DLL
0x00007fff76240000 - 0x00007fff7625c000 	C:\WINDOWS\SYSTEM32\dhcpcsvc.DLL
0x00007fff775d0000 - 0x00007fff77696000 	C:\WINDOWS\SYSTEM32\DNSAPI.dll

VM Arguments:
jvm_args: -Xmx1536m -Dfile.encoding=GBK -Duser.country=CN -Duser.language=zh -Duser.variant 
java_command: org.gradle.launcher.daemon.bootstrap.GradleDaemon 5.1.1
java_class_path (initial): C:\Users\xsj321\.gradle\wrapper\dists\gradle-5.1.1-all\97z1ksx6lirer3kbvdnh7jtjg\gradle-5.1.1\lib\gradle-launcher-5.1.1.jar
Launcher Type: SUN_STANDARD

Environment Variables:
PATH=C:\Program Files (x86)\Common Files\Oracle\Java\javapath;C:\Windows\system32;C:\Windows;C:\Windows\System32\Wbem;C:\Windows\System32\WindowsPowerShell\v1.0\;C:\Windows\System32\OpenSSH\;C:\MinGW\bin;"D:\Program Files (x86)\CodeBlocks\MinGW\bin;";C:\Program Files (x86)\Essential\ADB\;C:\Program Files (x86)\Windows Live\Shared;C:\Program Files\Git\cmd;C:\Program Files\dotnet\;C:\Program Files\NVIDIA Corporation\NVIDIA NvDLISR;C:\WINDOWS\system32;C:\WINDOWS;C:\WINDOWS\System32\Wbem;C:\WINDOWS\System32\WindowsPowerShell\v1.0\;C:\WINDOWS\System32\OpenSSH\;d:\Program Files (x86)\CSL Arm Toolchain\bin;F:\Perl\bin;C:\Program Files (x86)\NVIDIA Corporation\PhysX\Common;C:\sqlite;D:\Program Files (x86)\CodeBlocks\MinGW\bin;C:\Users\xsj321\AppData\Local\Programs\Python\Python37\Scripts\;C:\Users\xsj321\AppData\Local\Programs\Python\Python37\;C:\Users\xsj321\AppData\Local\Microsoft\WindowsApps;C:\MinGW\bin;C:\Program Files (x86)\Essential\ADB\;D:\Keil_v5\C51\BIN;D:\Keil_v5\C51\INC;D:\Keil_v5\C51\LIB;;D:\Microsoft VS Code\bin;d:\Program Files\JetBrains\PyCharm 2019.1.3\bin;
USERNAME=xsj321
OS=Windows_NT
PROCESSOR_IDENTIFIER=Intel64 Family 6 Model 158 Stepping 9, GenuineIntel



---------------  S Y S T E M  ---------------

OS: Windows 10.0 , 64 bit Build 17763 (10.0.17763.475)

CPU:total 8 (initial active 8) (4 cores per cpu, 2 threads per core) family 6 model 158 stepping 9, cmov, cx8, fxsr, mmx, sse, sse2, sse3, ssse3, sse4.1, sse4.2, popcnt, avx, avx2, aes, clmul, erms, 3dnowpref, lzcnt, ht, tsc, tscinvbit, bmi1, bmi2, adx

Memory: 4k page, physical 16733416k(4833572k free), swap 16733416k(7736k free)

vm_info: OpenJDK 64-Bit Server VM (25.152-b01) for windows-amd64 JRE (1.8.0_152-release-1343-b01), built by "builder" with MS VC++ 10.0 (VS2010)

time: Sun Jun 16 17:24:33 2019
elapsed time: 3921 seconds (0d 1h 5m 21s)

